sat
(model 
  (define-fun v9_8x7 () Bool
    false)
  (define-fun v8_4x2 () Bool
    false)
  (define-fun v6_9x5 () Bool
    true)
  (define-fun v4_5x2 () Bool
    false)
  (define-fun v2_9x1 () Bool
    false)
  (define-fun v4_3x9 () Bool
    false)
  (define-fun v3_9x7 () Bool
    false)
  (define-fun v4_2x7 () Bool
    false)
  (define-fun v6_8x3 () Bool
    false)
  (define-fun v2_3x9 () Bool
    false)
  (define-fun v5_5x7 () Bool
    false)
  (define-fun v1_2x4 () Bool
    false)
  (define-fun v6_6x8 () Bool
    false)
  (define-fun v3_1x2 () Bool
    false)
  (define-fun v3_5x7 () Bool
    false)
  (define-fun v1_7x4 () Bool
    false)
  (define-fun v2_8x9 () Bool
    false)
  (define-fun v9_8x9 () Bool
    true)
  (define-fun v2_7x9 () Bool
    false)
  (define-fun v7_8x7 () Bool
    false)
  (define-fun v2_8x3 () Bool
    false)
  (define-fun v9_7x5 () Bool
    true)
  (define-fun v1_7x3 () Bool
    false)
  (define-fun v1_5x6 () Bool
    false)
  (define-fun v5_3x8 () Bool
    false)
  (define-fun v6_7x3 () Bool
    true)
  (define-fun v8_7x2 () Bool
    false)
  (define-fun v8_7x4 () Bool
    false)
  (define-fun v9_9x5 () Bool
    false)
  (define-fun v2_2x2 () Bool
    false)
  (define-fun v8_1x2 () Bool
    false)
  (define-fun v2_4x1 () Bool
    false)
  (define-fun v6_3x9 () Bool
    true)
  (define-fun v3_2x3 () Bool
    false)
  (define-fun v4_6x6 () Bool
    false)
  (define-fun v3_6x7 () Bool
    true)
  (define-fun v8_8x6 () Bool
    false)
  (define-fun v3_7x5 () Bool
    false)
  (define-fun v2_4x9 () Bool
    false)
  (define-fun v9_2x2 () Bool
    false)
  (define-fun v9_7x6 () Bool
    false)
  (define-fun v8_3x2 () Bool
    false)
  (define-fun v7_8x1 () Bool
    false)
  (define-fun v8_5x3 () Bool
    false)
  (define-fun v9_7x3 () Bool
    false)
  (define-fun v9_8x5 () Bool
    false)
  (define-fun v8_9x1 () Bool
    false)
  (define-fun v4_9x9 () Bool
    false)
  (define-fun v3_1x1 () Bool
    true)
  (define-fun v2_6x4 () Bool
    false)
  (define-fun v9_9x9 () Bool
    false)
  (define-fun v1_6x7 () Bool
    false)
  (define-fun v3_5x5 () Bool
    false)
  (define-fun v3_1x8 () Bool
    false)
  (define-fun v9_1x8 () Bool
    false)
  (define-fun v8_1x3 () Bool
    false)
  (define-fun v4_2x3 () Bool
    false)
  (define-fun v9_1x6 () Bool
    false)
  (define-fun v2_2x5 () Bool
    false)
  (define-fun v8_2x6 () Bool
    false)
  (define-fun v5_8x4 () Bool
    false)
  (define-fun v5_5x2 () Bool
    false)
  (define-fun v1_2x3 () Bool
    false)
  (define-fun v8_7x5 () Bool
    false)
  (define-fun v9_5x8 () Bool
    true)
  (define-fun v8_4x1 () Bool
    false)
  (define-fun v9_3x8 () Bool
    false)
  (define-fun v8_9x8 () Bool
    false)
  (define-fun v6_4x3 () Bool
    false)
  (define-fun v3_3x1 () Bool
    false)
  (define-fun v2_5x3 () Bool
    false)
  (define-fun v7_1x9 () Bool
    false)
  (define-fun v4_4x9 () Bool
    false)
  (define-fun v7_6x2 () Bool
    false)
  (define-fun v3_1x3 () Bool
    false)
  (define-fun v1_7x8 () Bool
    false)
  (define-fun v1_9x6 () Bool
    false)
  (define-fun v4_2x4 () Bool
    false)
  (define-fun v6_9x8 () Bool
    false)
  (define-fun v8_9x4 () Bool
    false)
  (define-fun v8_3x9 () Bool
    false)
  (define-fun v9_2x7 () Bool
    true)
  (define-fun v1_1x9 () Bool
    false)
  (define-fun v5_2x2 () Bool
    true)
  (define-fun v7_6x3 () Bool
    false)
  (define-fun v1_1x5 () Bool
    false)
  (define-fun v6_7x9 () Bool
    false)
  (define-fun v4_1x9 () Bool
    false)
  (define-fun v2_8x7 () Bool
    false)
  (define-fun v9_1x3 () Bool
    false)
  (define-fun v1_7x5 () Bool
    false)
  (define-fun v6_8x2 () Bool
    false)
  (define-fun v1_9x8 () Bool
    false)
  (define-fun v6_4x2 () Bool
    false)
  (define-fun v2_5x7 () Bool
    false)
  (define-fun v1_9x3 () Bool
    false)
  (define-fun v9_7x9 () Bool
    false)
  (define-fun v3_5x8 () Bool
    false)
  (define-fun v5_7x7 () Bool
    false)
  (define-fun v7_5x7 () Bool
    false)
  (define-fun v4_1x1 () Bool
    false)
  (define-fun v3_7x7 () Bool
    false)
  (define-fun v3_9x8 () Bool
    true)
  (define-fun v2_1x1 () Bool
    false)
  (define-fun v5_1x7 () Bool
    true)
  (define-fun v4_9x7 () Bool
    false)
  (define-fun v8_2x9 () Bool
    false)
  (define-fun v1_9x4 () Bool
    false)
  (define-fun v5_9x4 () Bool
    false)
  (define-fun v9_6x8 () Bool
    false)
  (define-fun v2_6x1 () Bool
    false)
  (define-fun v3_4x8 () Bool
    false)
  (define-fun v6_5x6 () Bool
    false)
  (define-fun v3_8x2 () Bool
    true)
  (define-fun v5_5x8 () Bool
    false)
  (define-fun v8_1x6 () Bool
    false)
  (define-fun v2_9x5 () Bool
    false)
  (define-fun v7_8x2 () Bool
    false)
  (define-fun v9_3x9 () Bool
    false)
  (define-fun v5_3x1 () Bool
    false)
  (define-fun v9_9x2 () Bool
    false)
  (define-fun v6_6x2 () Bool
    false)
  (define-fun v8_2x3 () Bool
    true)
  (define-fun v7_1x5 () Bool
    true)
  (define-fun v2_7x1 () Bool
    false)
  (define-fun v9_1x7 () Bool
    false)
  (define-fun v4_5x3 () Bool
    false)
  (define-fun v5_3x5 () Bool
    false)
  (define-fun v7_1x3 () Bool
    false)
  (define-fun v4_7x8 () Bool
    false)
  (define-fun v9_4x4 () Bool
    false)
  (define-fun v9_6x2 () Bool
    true)
  (define-fun v2_5x6 () Bool
    false)
  (define-fun v8_4x3 () Bool
    false)
  (define-fun v4_1x4 () Bool
    false)
  (define-fun v7_7x3 () Bool
    false)
  (define-fun v7_4x3 () Bool
    false)
  (define-fun v7_3x8 () Bool
    true)
  (define-fun v2_5x9 () Bool
    true)
  (define-fun v7_8x3 () Bool
    true)
  (define-fun v7_7x4 () Bool
    false)
  (define-fun v5_7x8 () Bool
    true)
  (define-fun v1_8x5 () Bool
    true)
  (define-fun v3_9x1 () Bool
    false)
  (define-fun v7_2x6 () Bool
    false)
  (define-fun v4_3x8 () Bool
    false)
  (define-fun v8_1x1 () Bool
    false)
  (define-fun v6_7x2 () Bool
    false)
  (define-fun v1_4x8 () Bool
    false)
  (define-fun v1_6x1 () Bool
    true)
  (define-fun v9_3x1 () Bool
    true)
  (define-fun v6_7x8 () Bool
    false)
  (define-fun v5_3x6 () Bool
    false)
  (define-fun v2_1x2 () Bool
    false)
  (define-fun v7_7x6 () Bool
    false)
  (define-fun v4_7x9 () Bool
    true)
  (define-fun v1_3x4 () Bool
    false)
  (define-fun v5_3x9 () Bool
    false)
  (define-fun v7_5x9 () Bool
    false)
  (define-fun v8_7x3 () Bool
    false)
  (define-fun v9_6x1 () Bool
    false)
  (define-fun v8_8x4 () Bool
    true)
  (define-fun v9_4x3 () Bool
    false)
  (define-fun v2_8x6 () Bool
    false)
  (define-fun v7_4x2 () Bool
    true)
  (define-fun v1_5x8 () Bool
    false)
  (define-fun v8_4x9 () Bool
    false)
  (define-fun v6_4x9 () Bool
    false)
  (define-fun v1_1x7 () Bool
    false)
  (define-fun v6_7x6 () Bool
    false)
  (define-fun v7_7x9 () Bool
    false)
  (define-fun v7_1x7 () Bool
    false)
  (define-fun v9_3x3 () Bool
    false)
  (define-fun v4_7x3 () Bool
    false)
  (define-fun v6_1x2 () Bool
    true)
  (define-fun v7_9x2 () Bool
    false)
  (define-fun v4_7x7 () Bool
    false)
  (define-fun v2_7x5 () Bool
    false)
  (define-fun v8_3x1 () Bool
    false)
  (define-fun v2_2x7 () Bool
    false)
  (define-fun v7_3x2 () Bool
    false)
  (define-fun v2_9x4 () Bool
    false)
  (define-fun v3_4x7 () Bool
    false)
  (define-fun v1_4x5 () Bool
    false)
  (define-fun v3_3x6 () Bool
    false)
  (define-fun v2_4x8 () Bool
    false)
  (define-fun v5_5x1 () Bool
    false)
  (define-fun v2_9x3 () Bool
    false)
  (define-fun v6_7x5 () Bool
    false)
  (define-fun v1_9x5 () Bool
    false)
  (define-fun v1_1x6 () Bool
    true)
  (define-fun v5_4x1 () Bool
    false)
  (define-fun v9_6x7 () Bool
    false)
  (define-fun v2_5x1 () Bool
    false)
  (define-fun v7_9x5 () Bool
    false)
  (define-fun v5_7x4 () Bool
    false)
  (define-fun v8_3x8 () Bool
    false)
  (define-fun v6_8x7 () Bool
    true)
  (define-fun v7_3x9 () Bool
    false)
  (define-fun v3_8x7 () Bool
    false)
  (define-fun v1_8x2 () Bool
    false)
  (define-fun v2_1x7 () Bool
    false)
  (define-fun v6_5x7 () Bool
    false)
  (define-fun v2_1x3 () Bool
    false)
  (define-fun v4_6x8 () Bool
    false)
  (define-fun v9_5x1 () Bool
    false)
  (define-fun v3_6x1 () Bool
    false)
  (define-fun v3_5x1 () Bool
    false)
  (define-fun v4_9x3 () Bool
    false)
  (define-fun v6_9x4 () Bool
    false)
  (define-fun v6_4x6 () Bool
    false)
  (define-fun v7_7x2 () Bool
    false)
  (define-fun v9_1x5 () Bool
    false)
  (define-fun v1_2x8 () Bool
    true)
  (define-fun v2_3x8 () Bool
    false)
  (define-fun v8_6x5 () Bool
    false)
  (define-fun v6_3x1 () Bool
    false)
  (define-fun v8_9x9 () Bool
    false)
  (define-fun v5_1x9 () Bool
    false)
  (define-fun v5_3x4 () Bool
    true)
  (define-fun v5_6x3 () Bool
    true)
  (define-fun v9_4x8 () Bool
    false)
  (define-fun v8_9x6 () Bool
    false)
  (define-fun v1_4x2 () Bool
    false)
  (define-fun v4_9x8 () Bool
    false)
  (define-fun v2_7x6 () Bool
    false)
  (define-fun v6_9x3 () Bool
    false)
  (define-fun v8_6x3 () Bool
    false)
  (define-fun v8_4x5 () Bool
    true)
  (define-fun v2_2x6 () Bool
    true)
  (define-fun v1_4x7 () Bool
    true)
  (define-fun v8_7x7 () Bool
    false)
  (define-fun v6_1x9 () Bool
    false)
  (define-fun v3_2x5 () Bool
    false)
  (define-fun v1_3x7 () Bool
    false)
  (define-fun v2_7x8 () Bool
    false)
  (define-fun v9_9x7 () Bool
    false)
  (define-fun v5_4x7 () Bool
    false)
  (define-fun v6_3x3 () Bool
    false)
  (define-fun v7_1x2 () Bool
    false)
  (define-fun v2_5x4 () Bool
    false)
  (define-fun v6_3x5 () Bool
    false)
  (define-fun v2_4x7 () Bool
    false)
  (define-fun v9_5x7 () Bool
    false)
  (define-fun v4_6x1 () Bool
    false)
  (define-fun v9_1x2 () Bool
    false)
  (define-fun v7_5x5 () Bool
    false)
  (define-fun v3_5x6 () Bool
    false)
  (define-fun v5_6x9 () Bool
    false)
  (define-fun v3_6x6 () Bool
    false)
  (define-fun v5_2x7 () Bool
    false)
  (define-fun v8_4x4 () Bool
    false)
  (define-fun v3_6x8 () Bool
    false)
  (define-fun v8_8x5 () Bool
    false)
  (define-fun v8_4x8 () Bool
    false)
  (define-fun v2_1x4 () Bool
    false)
  (define-fun v3_4x5 () Bool
    false)
  (define-fun v4_3x3 () Bool
    false)
  (define-fun v8_9x5 () Bool
    false)
  (define-fun v4_7x1 () Bool
    false)
  (define-fun v4_8x3 () Bool
    false)
  (define-fun v4_8x6 () Bool
    false)
  (define-fun v2_2x1 () Bool
    false)
  (define-fun v8_1x4 () Bool
    false)
  (define-fun v2_3x1 () Bool
    false)
  (define-fun v6_8x8 () Bool
    false)
  (define-fun v6_1x1 () Bool
    false)
  (define-fun v3_8x6 () Bool
    false)
  (define-fun v8_6x7 () Bool
    false)
  (define-fun v4_7x6 () Bool
    false)
  (define-fun v6_1x3 () Bool
    false)
  (define-fun v7_7x7 () Bool
    true)
  (define-fun v8_9x7 () Bool
    true)
  (define-fun v2_6x3 () Bool
    false)
  (define-fun v9_1x4 () Bool
    true)
  (define-fun v9_8x8 () Bool
    false)
  (define-fun v9_2x6 () Bool
    false)
  (define-fun v7_2x4 () Bool
    false)
  (define-fun v9_4x1 () Bool
    false)
  (define-fun v1_2x7 () Bool
    false)
  (define-fun v6_1x5 () Bool
    false)
  (define-fun v3_6x9 () Bool
    false)
  (define-fun v4_1x6 () Bool
    false)
  (define-fun v5_5x9 () Bool
    false)
  (define-fun v5_4x9 () Bool
    true)
  (define-fun v7_6x4 () Bool
    false)
  (define-fun v9_5x4 () Bool
    false)
  (define-fun v6_1x4 () Bool
    false)
  (define-fun v7_2x9 () Bool
    false)
  (define-fun v8_3x6 () Bool
    true)
  (define-fun v4_5x6 () Bool
    false)
  (define-fun v8_1x7 () Bool
    false)
  (define-fun v5_2x6 () Bool
    false)
  (define-fun v1_5x3 () Bool
    false)
  (define-fun v9_2x3 () Bool
    false)
  (define-fun v5_4x2 () Bool
    false)
  (define-fun v9_4x5 () Bool
    false)
  (define-fun v9_8x6 () Bool
    false)
  (define-fun v2_6x8 () Bool
    false)
  (define-fun v1_5x2 () Bool
    false)
  (define-fun v4_5x1 () Bool
    false)
  (define-fun v6_6x7 () Bool
    false)
  (define-fun v6_7x1 () Bool
    false)
  (define-fun v1_4x4 () Bool
    false)
  (define-fun v1_6x2 () Bool
    false)
  (define-fun v4_7x4 () Bool
    false)
  (define-fun v4_8x7 () Bool
    false)
  (define-fun v2_5x5 () Bool
    false)
  (define-fun v6_6x1 () Bool
    false)
  (define-fun v3_1x9 () Bool
    false)
  (define-fun v3_2x2 () Bool
    false)
  (define-fun v7_4x4 () Bool
    false)
  (define-fun v4_4x2 () Bool
    false)
  (define-fun v1_2x6 () Bool
    false)
  (define-fun v7_6x7 () Bool
    false)
  (define-fun v7_8x5 () Bool
    false)
  (define-fun v7_6x6 () Bool
    false)
  (define-fun v9_9x4 () Bool
    false)
  (define-fun v3_6x3 () Bool
    false)
  (define-fun v8_2x1 () Bool
    false)
  (define-fun v8_6x1 () Bool
    false)
  (define-fun v6_2x3 () Bool
    false)
  (define-fun v8_2x2 () Bool
    false)
  (define-fun v4_5x7 () Bool
    true)
  (define-fun v5_8x2 () Bool
    false)
  (define-fun v1_4x6 () Bool
    false)
  (define-fun v1_6x6 () Bool
    false)
  (define-fun v7_8x6 () Bool
    false)
  (define-fun v2_8x4 () Bool
    false)
  (define-fun v2_4x6 () Bool
    false)
  (define-fun v8_3x3 () Bool
    false)
  (define-fun v2_6x7 () Bool
    false)
  (define-fun v5_3x7 () Bool
    false)
  (define-fun v6_8x5 () Bool
    false)
  (define-fun v3_1x5 () Bool
    false)
  (define-fun v2_7x2 () Bool
    false)
  (define-fun v7_4x5 () Bool
    false)
  (define-fun v1_5x9 () Bool
    false)
  (define-fun v3_4x9 () Bool
    false)
  (define-fun v8_2x5 () Bool
    false)
  (define-fun v8_1x9 () Bool
    true)
  (define-fun v9_3x7 () Bool
    false)
  (define-fun v3_3x5 () Bool
    true)
  (define-fun v2_1x9 () Bool
    false)
  (define-fun v7_8x4 () Bool
    false)
  (define-fun v8_7x1 () Bool
    true)
  (define-fun v6_7x7 () Bool
    false)
  (define-fun v1_2x1 () Bool
    false)
  (define-fun v9_4x2 () Bool
    false)
  (define-fun v4_9x6 () Bool
    true)
  (define-fun v6_6x4 () Bool
    false)
  (define-fun v7_2x8 () Bool
    false)
  (define-fun v6_5x8 () Bool
    false)
  (define-fun v4_6x2 () Bool
    false)
  (define-fun v7_4x9 () Bool
    false)
  (define-fun v8_6x6 () Bool
    false)
  (define-fun v3_4x4 () Bool
    true)
  (define-fun v3_2x8 () Bool
    false)
  (define-fun v9_7x8 () Bool
    false)
  (define-fun v5_9x5 () Bool
    false)
  (define-fun v5_8x9 () Bool
    false)
  (define-fun v8_9x3 () Bool
    false)
  (define-fun v4_2x5 () Bool
    true)
  (define-fun v4_1x8 () Bool
    false)
  (define-fun v6_1x8 () Bool
    false)
  (define-fun v2_7x4 () Bool
    true)
  (define-fun v4_8x9 () Bool
    false)
  (define-fun v8_5x5 () Bool
    false)
  (define-fun v9_5x2 () Bool
    false)
  (define-fun v2_8x5 () Bool
    false)
  (define-fun v2_8x1 () Bool
    true)
  (define-fun v5_6x2 () Bool
    false)
  (define-fun v5_1x4 () Bool
    false)
  (define-fun v3_8x4 () Bool
    false)
  (define-fun v5_2x8 () Bool
    false)
  (define-fun v2_4x2 () Bool
    false)
  (define-fun v6_4x4 () Bool
    false)
  (define-fun v6_6x5 () Bool
    false)
  (define-fun v4_9x1 () Bool
    false)
  (define-fun v3_4x6 () Bool
    false)
  (define-fun v5_4x3 () Bool
    false)
  (define-fun v2_5x8 () Bool
    false)
  (define-fun v3_9x9 () Bool
    false)
  (define-fun v1_6x5 () Bool
    false)
  (define-fun v6_4x8 () Bool
    true)
  (define-fun v5_7x6 () Bool
    false)
  (define-fun v9_7x2 () Bool
    false)
  (define-fun v1_7x7 () Bool
    false)
  (define-fun v3_3x7 () Bool
    false)
  (define-fun v7_1x6 () Bool
    false)
  (define-fun v9_9x6 () Bool
    false)
  (define-fun v5_8x8 () Bool
    false)
  (define-fun v9_9x8 () Bool
    false)
  (define-fun v8_8x8 () Bool
    false)
  (define-fun v6_5x5 () Bool
    false)
  (define-fun v7_9x4 () Bool
    true)
  (define-fun v2_3x5 () Bool
    false)
  (define-fun v1_1x1 () Bool
    false)
  (define-fun v5_7x9 () Bool
    false)
  (define-fun v7_6x1 () Bool
    false)
  (define-fun v6_5x2 () Bool
    false)
  (define-fun v2_4x5 () Bool
    false)
  (define-fun v6_5x1 () Bool
    true)
  (define-fun v6_3x7 () Bool
    false)
  (define-fun v6_2x8 () Bool
    false)
  (define-fun v8_7x8 () Bool
    false)
  (define-fun v7_2x5 () Bool
    false)
  (define-fun v3_5x4 () Bool
    false)
  (define-fun v7_3x1 () Bool
    false)
  (define-fun v4_3x1 () Bool
    false)
  (define-fun v4_2x6 () Bool
    false)
  (define-fun v5_8x3 () Bool
    false)
  (define-fun v2_3x4 () Bool
    false)
  (define-fun v1_3x8 () Bool
    false)
  (define-fun v3_3x4 () Bool
    false)
  (define-fun v7_4x7 () Bool
    false)
  (define-fun v2_7x3 () Bool
    false)
  (define-fun v9_5x9 () Bool
    false)
  (define-fun v8_3x4 () Bool
    false)
  (define-fun v1_8x7 () Bool
    false)
  (define-fun v4_4x7 () Bool
    false)
  (define-fun v4_5x4 () Bool
    false)
  (define-fun v2_3x7 () Bool
    true)
  (define-fun v6_1x6 () Bool
    false)
  (define-fun v2_8x8 () Bool
    false)
  (define-fun v5_9x2 () Bool
    false)
  (define-fun v4_7x5 () Bool
    false)
  (define-fun v6_8x4 () Bool
    false)
  (define-fun v2_7x7 () Bool
    false)
  (define-fun v4_4x6 () Bool
    false)
  (define-fun v6_9x6 () Bool
    false)
  (define-fun v6_9x9 () Bool
    false)
  (define-fun v1_5x1 () Bool
    false)
  (define-fun v1_5x5 () Bool
    false)
  (define-fun v8_6x8 () Bool
    true)
  (define-fun v5_2x3 () Bool
    false)
  (define-fun v5_4x5 () Bool
    false)
  (define-fun v3_2x1 () Bool
    false)
  (define-fun v7_7x8 () Bool
    false)
  (define-fun v8_8x7 () Bool
    false)
  (define-fun v4_3x7 () Bool
    false)
  (define-fun v9_7x7 () Bool
    false)
  (define-fun v8_2x4 () Bool
    false)
  (define-fun v5_9x3 () Bool
    false)
  (define-fun v2_4x3 () Bool
    true)
  (define-fun v8_7x6 () Bool
    false)
  (define-fun v9_6x9 () Bool
    false)
  (define-fun v1_5x4 () Bool
    true)
  (define-fun v9_2x5 () Bool
    false)
  (define-fun v8_3x7 () Bool
    false)
  (define-fun v8_7x9 () Bool
    false)
  (define-fun v1_8x9 () Bool
    false)
  (define-fun v4_6x4 () Bool
    true)
  (define-fun v1_3x1 () Bool
    false)
  (define-fun v2_3x2 () Bool
    false)
  (define-fun v5_5x4 () Bool
    false)
  (define-fun v7_7x5 () Bool
    false)
  (define-fun v3_7x3 () Bool
    false)
  (define-fun v3_7x1 () Bool
    false)
  (define-fun v1_3x2 () Bool
    false)
  (define-fun v5_6x5 () Bool
    false)
  (define-fun v4_1x2 () Bool
    false)
  (define-fun v8_8x9 () Bool
    false)
  (define-fun v4_4x5 () Bool
    false)
  (define-fun v3_9x2 () Bool
    false)
  (define-fun v9_9x1 () Bool
    false)
  (define-fun v2_2x4 () Bool
    false)
  (define-fun v8_2x7 () Bool
    false)
  (define-fun v5_8x6 () Bool
    true)
  (define-fun v7_9x7 () Bool
    false)
  (define-fun v9_2x9 () Bool
    false)
  (define-fun v1_7x2 () Bool
    true)
  (define-fun v7_1x8 () Bool
    false)
  (define-fun v9_8x4 () Bool
    false)
  (define-fun v4_5x5 () Bool
    false)
  (define-fun v5_2x1 () Bool
    false)
  (define-fun v2_2x3 () Bool
    false)
  (define-fun v9_3x5 () Bool
    false)
  (define-fun v4_3x6 () Bool
    false)
  (define-fun v3_9x5 () Bool
    false)
  (define-fun v6_2x4 () Bool
    true)
  (define-fun v4_2x9 () Bool
    false)
  (define-fun v6_8x6 () Bool
    false)
  (define-fun v7_7x1 () Bool
    false)
  (define-fun v6_8x9 () Bool
    false)
  (define-fun v3_4x2 () Bool
    false)
  (define-fun v2_2x8 () Bool
    false)
  (define-fun v7_5x4 () Bool
    false)
  (define-fun v4_9x4 () Bool
    false)
  (define-fun v2_5x2 () Bool
    false)
  (define-fun v1_8x1 () Bool
    false)
  (define-fun v5_2x4 () Bool
    false)
  (define-fun v2_9x9 () Bool
    false)
  (define-fun v9_8x2 () Bool
    false)
  (define-fun v3_3x2 () Bool
    false)
  (define-fun v2_4x4 () Bool
    false)
  (define-fun v7_5x3 () Bool
    false)
  (define-fun v1_6x8 () Bool
    false)
  (define-fun v7_9x3 () Bool
    false)
  (define-fun v7_4x6 () Bool
    false)
  (define-fun v9_2x8 () Bool
    false)
  (define-fun v2_6x9 () Bool
    false)
  (define-fun v7_3x7 () Bool
    false)
  (define-fun v6_3x6 () Bool
    false)
  (define-fun v6_4x7 () Bool
    false)
  (define-fun v3_1x7 () Bool
    false)
  (define-fun v4_6x7 () Bool
    false)
  (define-fun v8_1x8 () Bool
    false)
  (define-fun v4_6x5 () Bool
    false)
  (define-fun v8_4x7 () Bool
    false)
  (define-fun v7_3x5 () Bool
    false)
  (define-fun v1_2x9 () Bool
    false)
  (define-fun v5_8x1 () Bool
    false)
  (define-fun v5_9x1 () Bool
    true)
  (define-fun v3_5x9 () Bool
    false)
  (define-fun v7_5x2 () Bool
    false)
  (define-fun v1_3x5 () Bool
    false)
  (define-fun v8_2x8 () Bool
    false)
  (define-fun v3_6x5 () Bool
    false)
  (define-fun v1_4x3 () Bool
    false)
  (define-fun v6_2x2 () Bool
    false)
  (define-fun v6_2x7 () Bool
    false)
  (define-fun v5_1x3 () Bool
    false)
  (define-fun v1_8x4 () Bool
    false)
  (define-fun v9_4x9 () Bool
    false)
  (define-fun v2_9x2 () Bool
    true)
  (define-fun v7_2x7 () Bool
    false)
  (define-fun v3_6x2 () Bool
    false)
  (define-fun v6_2x5 () Bool
    false)
  (define-fun v1_3x6 () Bool
    false)
  (define-fun v1_5x7 () Bool
    false)
  (define-fun v6_9x1 () Bool
    false)
  (define-fun v7_6x9 () Bool
    true)
  (define-fun v3_7x2 () Bool
    false)
  (define-fun v2_3x6 () Bool
    false)
  (define-fun v3_4x3 () Bool
    false)
  (define-fun v4_2x2 () Bool
    false)
  (define-fun v5_1x6 () Bool
    false)
  (define-fun v5_5x5 () Bool
    true)
  (define-fun v8_5x4 () Bool
    false)
  (define-fun v7_2x3 () Bool
    false)
  (define-fun v1_9x1 () Bool
    false)
  (define-fun v1_1x4 () Bool
    false)
  (define-fun v5_3x2 () Bool
    false)
  (define-fun v9_3x6 () Bool
    false)
  (define-fun v5_1x8 () Bool
    false)
  (define-fun v9_4x6 () Bool
    true)
  (define-fun v4_5x8 () Bool
    false)
  (define-fun v8_5x8 () Bool
    false)
  (define-fun v2_6x2 () Bool
    false)
  (define-fun v4_3x4 () Bool
    false)
  (define-fun v3_2x9 () Bool
    true)
  (define-fun v9_5x5 () Bool
    false)
  (define-fun v4_4x4 () Bool
    false)
  (define-fun v7_5x6 () Bool
    true)
  (define-fun v5_6x7 () Bool
    false)
  (define-fun v9_8x1 () Bool
    false)
  (define-fun v6_3x8 () Bool
    false)
  (define-fun v1_6x4 () Bool
    false)
  (define-fun v9_5x3 () Bool
    false)
  (define-fun v7_1x1 () Bool
    false)
  (define-fun v4_3x2 () Bool
    true)
  (define-fun v1_3x3 () Bool
    true)
  (define-fun v8_6x4 () Bool
    false)
  (define-fun v9_7x1 () Bool
    false)
  (define-fun v9_6x6 () Bool
    false)
  (define-fun v2_3x3 () Bool
    false)
  (define-fun v2_1x8 () Bool
    true)
  (define-fun v4_6x3 () Bool
    false)
  (define-fun v4_1x5 () Bool
    false)
  (define-fun v2_6x6 () Bool
    false)
  (define-fun v1_7x1 () Bool
    false)
  (define-fun v5_7x1 () Bool
    false)
  (define-fun v1_4x1 () Bool
    false)
  (define-fun v9_5x6 () Bool
    false)
  (define-fun v6_2x6 () Bool
    false)
  (define-fun v6_3x2 () Bool
    false)
  (define-fun v5_5x3 () Bool
    false)
  (define-fun v9_6x5 () Bool
    false)
  (define-fun v6_7x4 () Bool
    false)
  (define-fun v1_1x2 () Bool
    false)
  (define-fun v5_3x3 () Bool
    false)
  (define-fun v4_8x5 () Bool
    false)
  (define-fun v6_5x9 () Bool
    false)
  (define-fun v7_9x6 () Bool
    false)
  (define-fun v1_2x5 () Bool
    false)
  (define-fun v5_9x8 () Bool
    false)
  (define-fun v1_6x3 () Bool
    false)
  (define-fun v3_1x6 () Bool
    false)
  (define-fun v7_4x8 () Bool
    false)
  (define-fun v6_3x4 () Bool
    false)
  (define-fun v2_8x2 () Bool
    false)
  (define-fun v1_8x8 () Bool
    false)
  (define-fun v6_5x3 () Bool
    false)
  (define-fun v4_2x1 () Bool
    false)
  (define-fun v9_6x3 () Bool
    false)
  (define-fun v3_9x3 () Bool
    false)
  (define-fun v3_7x4 () Bool
    false)
  (define-fun v3_9x4 () Bool
    false)
  (define-fun v4_9x2 () Bool
    false)
  (define-fun v6_4x1 () Bool
    false)
  (define-fun v4_9x5 () Bool
    false)
  (define-fun v1_7x6 () Bool
    false)
  (define-fun v3_7x6 () Bool
    true)
  (define-fun v3_2x7 () Bool
    false)
  (define-fun v9_3x2 () Bool
    false)
  (define-fun v1_7x9 () Bool
    false)
  (define-fun v3_7x8 () Bool
    false)
  (define-fun v6_9x7 () Bool
    false)
  (define-fun v2_1x5 () Bool
    false)
  (define-fun v4_7x2 () Bool
    false)
  (define-fun v3_2x4 () Bool
    false)
  (define-fun v5_9x7 () Bool
    false)
  (define-fun v5_1x5 () Bool
    false)
  (define-fun v5_1x1 () Bool
    false)
  (define-fun v6_9x2 () Bool
    false)
  (define-fun v7_3x4 () Bool
    false)
  (define-fun v8_1x5 () Bool
    false)
  (define-fun v3_8x8 () Bool
    false)
  (define-fun v5_1x2 () Bool
    false)
  (define-fun v4_8x1 () Bool
    false)
  (define-fun v6_6x9 () Bool
    false)
  (define-fun v8_8x3 () Bool
    false)
  (define-fun v8_5x6 () Bool
    false)
  (define-fun v2_6x5 () Bool
    true)
  (define-fun v2_9x8 () Bool
    false)
  (define-fun v7_3x3 () Bool
    false)
  (define-fun v9_7x4 () Bool
    false)
  (define-fun v4_8x8 () Bool
    true)
  (define-fun v8_5x1 () Bool
    false)
  (define-fun v3_5x2 () Bool
    false)
  (define-fun v3_3x3 () Bool
    false)
  (define-fun v1_9x2 () Bool
    false)
  (define-fun v3_8x3 () Bool
    false)
  (define-fun v8_5x9 () Bool
    false)
  (define-fun v1_3x9 () Bool
    false)
  (define-fun v1_9x7 () Bool
    false)
  (define-fun v4_1x7 () Bool
    false)
  (define-fun v3_8x9 () Bool
    false)
  (define-fun v4_8x4 () Bool
    false)
  (define-fun v9_2x4 () Bool
    false)
  (define-fun v3_8x5 () Bool
    false)
  (define-fun v1_6x9 () Bool
    false)
  (define-fun v4_6x9 () Bool
    false)
  (define-fun v4_4x3 () Bool
    false)
  (define-fun v1_8x3 () Bool
    false)
  (define-fun v7_8x9 () Bool
    false)
  (define-fun v6_6x3 () Bool
    false)
  (define-fun v6_8x1 () Bool
    false)
  (define-fun v5_9x6 () Bool
    false)
  (define-fun v4_2x8 () Bool
    false)
  (define-fun v5_4x6 () Bool
    false)
  (define-fun v5_4x8 () Bool
    false)
  (define-fun v4_8x2 () Bool
    false)
  (define-fun v8_5x2 () Bool
    true)
  (define-fun v7_8x8 () Bool
    false)
  (define-fun v7_1x4 () Bool
    false)
  (define-fun v2_9x6 () Bool
    false)
  (define-fun v8_5x7 () Bool
    false)
  (define-fun v3_4x1 () Bool
    false)
  (define-fun v9_6x4 () Bool
    false)
  (define-fun v8_6x2 () Bool
    false)
  (define-fun v5_8x7 () Bool
    false)
  (define-fun v1_4x9 () Bool
    false)
  (define-fun v5_7x3 () Bool
    false)
  (define-fun v9_8x3 () Bool
    false)
  (define-fun v3_5x3 () Bool
    true)
  (define-fun v7_9x1 () Bool
    false)
  (define-fun v5_5x6 () Bool
    false)
  (define-fun v3_8x1 () Bool
    false)
  (define-fun v3_3x8 () Bool
    false)
  (define-fun v6_1x7 () Bool
    false)
  (define-fun v5_7x2 () Bool
    false)
  (define-fun v3_1x4 () Bool
    false)
  (define-fun v9_9x3 () Bool
    true)
  (define-fun v9_2x1 () Bool
    false)
  (define-fun v6_2x9 () Bool
    false)
  (define-fun v8_3x5 () Bool
    false)
  (define-fun v8_8x1 () Bool
    false)
  (define-fun v1_9x9 () Bool
    true)
  (define-fun v6_2x1 () Bool
    false)
  (define-fun v7_3x6 () Bool
    false)
  (define-fun v7_9x8 () Bool
    false)
  (define-fun v4_4x8 () Bool
    false)
  (define-fun v2_9x7 () Bool
    false)
  (define-fun v5_9x9 () Bool
    false)
  (define-fun v1_1x8 () Bool
    false)
  (define-fun v6_5x4 () Bool
    false)
  (define-fun v7_5x1 () Bool
    false)
  (define-fun v5_6x6 () Bool
    false)
  (define-fun v4_4x1 () Bool
    true)
  (define-fun v4_1x3 () Bool
    true)
  (define-fun v1_8x6 () Bool
    false)
  (define-fun v5_6x8 () Bool
    false)
  (define-fun v7_2x2 () Bool
    false)
  (define-fun v9_1x1 () Bool
    false)
  (define-fun v1_2x2 () Bool
    false)
  (define-fun v7_2x1 () Bool
    true)
  (define-fun v9_3x4 () Bool
    false)
  (define-fun v7_9x9 () Bool
    false)
  (define-fun v3_7x9 () Bool
    false)
  (define-fun v3_9x6 () Bool
    false)
  (define-fun v3_2x6 () Bool
    false)
  (define-fun v7_6x5 () Bool
    false)
  (define-fun v5_6x4 () Bool
    false)
  (define-fun v8_6x9 () Bool
    false)
  (define-fun v8_9x2 () Bool
    false)
  (define-fun v2_2x9 () Bool
    false)
  (define-fun v3_3x9 () Bool
    false)
  (define-fun v5_4x4 () Bool
    false)
  (define-fun v6_4x5 () Bool
    false)
  (define-fun v9_1x9 () Bool
    false)
  (define-fun v5_8x5 () Bool
    false)
  (define-fun v7_4x1 () Bool
    false)
  (define-fun v1_1x3 () Bool
    false)
  (define-fun v9_4x7 () Bool
    false)
  (define-fun v8_8x2 () Bool
    false)
  (define-fun v6_6x6 () Bool
    true)
  (define-fun v5_2x5 () Bool
    false)
  (define-fun v2_1x6 () Bool
    false)
  (define-fun v5_6x1 () Bool
    false)
  (define-fun v7_6x8 () Bool
    false)
  (define-fun v3_6x4 () Bool
    false)
  (define-fun v4_5x9 () Bool
    false)
  (define-fun v5_7x5 () Bool
    false)
  (define-fun v8_4x6 () Bool
    false)
  (define-fun v7_5x8 () Bool
    false)
  (define-fun v4_3x5 () Bool
    false)
  (define-fun v5_2x9 () Bool
    false)
)
